c:\users\txdxz\source\repos\consoleapplication2\consoleapplication2\release\vc142.pdb
c:\users\txdxz\source\repos\consoleapplication2\consoleapplication2\release\sisokuvisitor.obj
c:\users\txdxz\source\repos\consoleapplication2\consoleapplication2\release\sisokuparser.obj
c:\users\txdxz\source\repos\consoleapplication2\consoleapplication2\release\sisokulistener.obj
c:\users\txdxz\source\repos\consoleapplication2\consoleapplication2\release\sisokulexer.obj
c:\users\txdxz\source\repos\consoleapplication2\consoleapplication2\release\sisokubasevisitor.obj
c:\users\txdxz\source\repos\consoleapplication2\consoleapplication2\release\sisokubaselistener.obj
c:\users\txdxz\source\repos\consoleapplication2\consoleapplication2\release\consoleapplication2.obj
c:\users\txdxz\git\consoleapplication2\consoleapplication2\release\vc142.pdb
c:\users\txdxz\git\consoleapplication2\consoleapplication2\release\sisokuvisitor.obj
c:\users\txdxz\git\consoleapplication2\consoleapplication2\release\sisokuparser.obj
c:\users\txdxz\git\consoleapplication2\consoleapplication2\release\sisokulistener.obj
c:\users\txdxz\git\consoleapplication2\consoleapplication2\release\sisokulexer.obj
c:\users\txdxz\git\consoleapplication2\consoleapplication2\release\sisokubasevisitor.obj
c:\users\txdxz\git\consoleapplication2\consoleapplication2\release\sisokubaselistener.obj
c:\users\txdxz\git\consoleapplication2\consoleapplication2\release\consoleapplication2.obj
c:\users\txdxz\source\repos\consoleapplication2\release\consoleapplication2.ipdb
c:\users\txdxz\source\repos\consoleapplication2\release\consoleapplication2.iobj
c:\users\txdxz\git\consoleapplication2\release\consoleapplication2.ipdb
c:\users\txdxz\git\consoleapplication2\release\consoleapplication2.iobj
c:\users\txdxz\git\consoleapplication2\release\antlr4-runtime.dll
c:\users\txdxz\source\repos\consoleapplication2\release\consoleapplication2.exe
c:\users\txdxz\source\repos\consoleapplication2\release\consoleapplication2.pdb
c:\users\txdxz\git\consoleapplication2\release\consoleapplication2.exe
c:\users\txdxz\git\consoleapplication2\release\consoleapplication2.pdb
c:\users\txdxz\git\consoleapplication2\consoleapplication2\release\consolea.bbfd5960.tlog\cl.command.1.tlog
c:\users\txdxz\git\consoleapplication2\consoleapplication2\release\consolea.bbfd5960.tlog\cl.read.1.tlog
c:\users\txdxz\git\consoleapplication2\consoleapplication2\release\consolea.bbfd5960.tlog\cl.write.1.tlog
c:\users\txdxz\git\consoleapplication2\consoleapplication2\release\consolea.bbfd5960.tlog\consoleapplication2.write.1u.tlog
c:\users\txdxz\git\consoleapplication2\consoleapplication2\release\consolea.bbfd5960.tlog\copyfile.command.1.tlog
c:\users\txdxz\git\consoleapplication2\consoleapplication2\release\consolea.bbfd5960.tlog\copyfile.read.1.tlog
c:\users\txdxz\git\consoleapplication2\consoleapplication2\release\consolea.bbfd5960.tlog\copyfile.write.1.tlog
c:\users\txdxz\git\consoleapplication2\consoleapplication2\release\consolea.bbfd5960.tlog\link.command.1.tlog
c:\users\txdxz\git\consoleapplication2\consoleapplication2\release\consolea.bbfd5960.tlog\link.delete.1.tlog
c:\users\txdxz\git\consoleapplication2\consoleapplication2\release\consolea.bbfd5960.tlog\link.read.1.tlog
c:\users\txdxz\git\consoleapplication2\consoleapplication2\release\consolea.bbfd5960.tlog\link.write.1.tlog
